# JRE version: Java(TM) SE Runtime Environment (7.0_80-b15) (build 1.7.0_80-b15)
# Java VM: Java HotSpot(TM) 64-Bit Server VM (24.80-b11 mixed mode linux-amd64 compressed oops)
Heap
 PSYoungGen      total 267264K, used 14768K [0x00000000eaa80000, 0x00000000ff600000, 0x0000000100000000)
  eden space 202240K, 0% used [0x00000000eaa80000,0x00000000eaa80000,0x00000000f7000000)
  from space 65024K, 22% used [0x00000000fb680000,0x00000000fc4ec390,0x00000000ff600000)
  to   space 68608K, 0% used [0x00000000f7000000,0x00000000f7000000,0x00000000fb300000)
 ParOldGen       total 246272K, used 246258K [0x00000000c0000000, 0x00000000cf080000, 0x00000000eaa80000)
  object space 246272K, 99% used [0x00000000c0000000,0x00000000cf07ca20,0x00000000cf080000)
 PSPermGen       total 21504K, used 5770K [0x00000000bae00000, 0x00000000bc300000, 0x00000000c0000000)
  object space 21504K, 26% used [0x00000000bae00000,0x00000000bb3a2ae0,0x00000000bc300000)
GC Heap History (10 events):
Event: 37,163 GC heap after
Heap after GC invocations=13 (full 2):
 PSYoungGen      total 269824K, used 54760K [0x00000000eaa80000, 0x0000000100000000, 0x0000000100000000)
  eden space 215040K, 0% used [0x00000000eaa80000,0x00000000eaa80000,0x00000000f7c80000)
  from space 54784K, 99% used [0x00000000f7c80000,0x00000000fb1fa3c8,0x00000000fb200000)
  to   space 72192K, 0% used [0x00000000fb980000,0x00000000fb980000,0x0000000100000000)
 ParOldGen       total 152064K, used 114883K [0x00000000c0000000, 0x00000000c9480000, 0x00000000eaa80000)
  object space 152064K, 75% used [0x00000000c0000000,0x00000000c7030e58,0x00000000c9480000)
 PSPermGen       total 21504K, used 5743K [0x00000000bae00000, 0x00000000bc300000, 0x00000000c0000000)
  object space 21504K, 26% used [0x00000000bae00000,0x00000000bb39bf10,0x00000000bc300000)
}
Event: 39,436 GC heap before
{Heap before GC invocations=14 (full 2):
 PSYoungGen      total 269824K, used 269800K [0x00000000eaa80000, 0x0000000100000000, 0x0000000100000000)
  eden space 215040K, 100% used [0x00000000eaa80000,0x00000000f7c80000,0x00000000f7c80000)
  from space 54784K, 99% used [0x00000000f7c80000,0x00000000fb1fa3c8,0x00000000fb200000)
  to   space 72192K, 0% used [0x00000000fb980000,0x00000000fb980000,0x0000000100000000)
 ParOldGen       total 152064K, used 114883K [0x00000000c0000000, 0x00000000c9480000, 0x00000000eaa80000)
  object space 152064K, 75% used [0x00000000c0000000,0x00000000c7030e58,0x00000000c9480000)
 PSPermGen       total 21504K, used 5757K [0x00000000bae00000, 0x00000000bc300000, 0x00000000c0000000)
  object space 21504K, 26% used [0x00000000bae00000,0x00000000bb39f580,0x00000000bc300000)
Event: 43,604 GC heap after
Heap after GC invocations=14 (full 2):
 PSYoungGen      total 271360K, used 47966K [0x00000000eaa80000, 0x0000000100000000, 0x0000000100000000)
  eden space 199168K, 0% used [0x00000000eaa80000,0x00000000eaa80000,0x00000000f6d00000)
  from space 72192K, 66% used [0x00000000fb980000,0x00000000fe857960,0x0000000100000000)
  to   space 75264K, 0% used [0x00000000f6d00000,0x00000000f6d00000,0x00000000fb680000)
 ParOldGen       total 158208K, used 157000K [0x00000000c0000000, 0x00000000c9a80000, 0x00000000eaa80000)
  object space 158208K, 99% used [0x00000000c0000000,0x00000000c99521e0,0x00000000c9a80000)
 PSPermGen       total 21504K, used 5757K [0x00000000bae00000, 0x00000000bc300000, 0x00000000c0000000)
  object space 21504K, 26% used [0x00000000bae00000,0x00000000bb39f580,0x00000000bc300000)
}
Event: 43,604 GC heap before
{Heap before GC invocations=15 (full 3):
 PSYoungGen      total 271360K, used 47966K [0x00000000eaa80000, 0x0000000100000000, 0x0000000100000000)
  eden space 199168K, 0% used [0x00000000eaa80000,0x00000000eaa80000,0x00000000f6d00000)
  from space 72192K, 66% used [0x00000000fb980000,0x00000000fe857960,0x0000000100000000)
  to   space 75264K, 0% used [0x00000000f6d00000,0x00000000f6d00000,0x00000000fb680000)
 ParOldGen       total 158208K, used 157000K [0x00000000c0000000, 0x00000000c9a80000, 0x00000000eaa80000)
  object space 158208K, 99% used [0x00000000c0000000,0x00000000c99521e0,0x00000000c9a80000)
 PSPermGen       total 21504K, used 5757K [0x00000000bae00000, 0x00000000bc300000, 0x00000000c0000000)
  object space 21504K, 26% used [0x00000000bae00000,0x00000000bb39f580,0x00000000bc300000)
Event: 44,847 GC heap after
Heap after GC invocations=15 (full 3):
 PSYoungGen      total 271360K, used 43029K [0x00000000eaa80000, 0x0000000100000000, 0x0000000100000000)
  eden space 199168K, 0% used [0x00000000eaa80000,0x00000000eaa80000,0x00000000f6d00000)
  from space 72192K, 59% used [0x00000000fb980000,0x00000000fe3855d8,0x0000000100000000)
  to   space 75264K, 0% used [0x00000000f6d00000,0x00000000f6d00000,0x00000000fb680000)
 ParOldGen       total 246272K, used 157882K [0x00000000c0000000, 0x00000000cf080000, 0x00000000eaa80000)
  object space 246272K, 64% used [0x00000000c0000000,0x00000000c9a2eb38,0x00000000cf080000)
 PSPermGen       total 21504K, used 5757K [0x00000000bae00000, 0x00000000bc300000, 0x00000000c0000000)
  object space 21504K, 26% used [0x00000000bae00000,0x00000000bb39f460,0x00000000bc300000)
}
Event: 46,020 GC heap before
{Heap before GC invocations=16 (full 3):
 PSYoungGen      total 271360K, used 242197K [0x00000000eaa80000, 0x0000000100000000, 0x0000000100000000)
  eden space 199168K, 100% used [0x00000000eaa80000,0x00000000f6d00000,0x00000000f6d00000)
  from space 72192K, 59% used [0x00000000fb980000,0x00000000fe3855d8,0x0000000100000000)
  to   space 75264K, 0% used [0x00000000f6d00000,0x00000000f6d00000,0x00000000fb680000)
 ParOldGen       total 246272K, used 157882K [0x00000000c0000000, 0x00000000cf080000, 0x00000000eaa80000)
  object space 246272K, 64% used [0x00000000c0000000,0x00000000c9a2eb38,0x00000000cf080000)
 PSPermGen       total 21504K, used 5764K [0x00000000bae00000, 0x00000000bc300000, 0x00000000c0000000)
  object space 21504K, 26% used [0x00000000bae00000,0x00000000bb3a13d0,0x00000000bc300000)
Event: 47,776 GC heap after
Heap after GC invocations=16 (full 3):
 PSYoungGen      total 274432K, used 33499K [0x00000000eaa80000, 0x00000000ffd00000, 0x0000000100000000)
  eden space 199168K, 0% used [0x00000000eaa80000,0x00000000eaa80000,0x00000000f6d00000)
  from space 75264K, 44% used [0x00000000f6d00000,0x00000000f8db6f38,0x00000000fb680000)
  to   space 72192K, 0% used [0x00000000fb680000,0x00000000fb680000,0x00000000ffd00000)
 ParOldGen       total 246272K, used 199782K [0x00000000c0000000, 0x00000000cf080000, 0x00000000eaa80000)
  object space 246272K, 81% used [0x00000000c0000000,0x00000000cc319af8,0x00000000cf080000)
 PSPermGen       total 21504K, used 5764K [0x00000000bae00000, 0x00000000bc300000, 0x00000000c0000000)
  object space 21504K, 26% used [0x00000000bae00000,0x00000000bb3a13d0,0x00000000bc300000)
}
Event: 49,991 GC heap before
{Heap before GC invocations=17 (full 3):
 PSYoungGen      total 274432K, used 232667K [0x00000000eaa80000, 0x00000000ffd00000, 0x0000000100000000)
  eden space 199168K, 100% used [0x00000000eaa80000,0x00000000f6d00000,0x00000000f6d00000)
  from space 75264K, 44% used [0x00000000f6d00000,0x00000000f8db6f38,0x00000000fb680000)
  to   space 72192K, 0% used [0x00000000fb680000,0x00000000fb680000,0x00000000ffd00000)
 ParOldGen       total 246272K, used 199782K [0x00000000c0000000, 0x00000000cf080000, 0x00000000eaa80000)
  object space 246272K, 81% used [0x00000000c0000000,0x00000000cc319af8,0x00000000cf080000)
 PSPermGen       total 21504K, used 5770K [0x00000000bae00000, 0x00000000bc300000, 0x00000000c0000000)
  object space 21504K, 26% used [0x00000000bae00000,0x00000000bb3a2b20,0x00000000bc300000)
Event: 51,254 GC heap after
Heap after GC invocations=17 (full 3):
 PSYoungGen      total 267264K, used 30909K [0x00000000eaa80000, 0x00000000ff600000, 0x0000000100000000)
  eden space 202240K, 0% used [0x00000000eaa80000,0x00000000eaa80000,0x00000000f7000000)
  from space 65024K, 47% used [0x00000000fb680000,0x00000000fd4af770,0x00000000ff600000)
  to   space 68608K, 0% used [0x00000000f7000000,0x00000000f7000000,0x00000000fb300000)
 ParOldGen       total 246272K, used 231791K [0x00000000c0000000, 0x00000000cf080000, 0x00000000eaa80000)
  object space 246272K, 94% used [0x00000000c0000000,0x00000000ce25bf50,0x00000000cf080000)
 PSPermGen       total 21504K, used 5770K [0x00000000bae00000, 0x00000000bc300000, 0x00000000c0000000)
  object space 21504K, 26% used [0x00000000bae00000,0x00000000bb3a2b20,0x00000000bc300000)
}
Event: 51,737 GC heap before
{Heap before GC invocations=18 (full 4):
 PSYoungGen      total 267264K, used 30909K [0x00000000eaa80000, 0x00000000ff600000, 0x0000000100000000)
  eden space 202240K, 0% used [0x00000000eaa80000,0x00000000eaa80000,0x00000000f7000000)
  from space 65024K, 47% used [0x00000000fb680000,0x00000000fd4af770,0x00000000ff600000)
  to   space 68608K, 0% used [0x00000000f7000000,0x00000000f7000000,0x00000000fb300000)
 ParOldGen       total 246272K, used 231791K [0x00000000c0000000, 0x00000000cf080000, 0x00000000eaa80000)
  object space 246272K, 94% used [0x00000000c0000000,0x00000000ce25bf50,0x00000000cf080000)
 PSPermGen       total 21504K, used 5770K [0x00000000bae00000, 0x00000000bc300000, 0x00000000c0000000)
  object space 21504K, 26% used [0x00000000bae00000,0x00000000bb3a2b20,0x00000000bc300000)

