# JRE version: OpenJDK Runtime Environment (7.0_91-b02) (build 1.7.0_91-b02)
# Java VM: OpenJDK 64-Bit Server VM (24.91-b01 mixed mode linux-amd64 compressed oops)
Heap
 PSYoungGen      total 180224K, used 42496K [0x00000000eaa80000, 0x00000000f9f00000, 0x0000000100000000)
  eden space 137728K, 0% used [0x00000000eaa80000,0x00000000eaa80000,0x00000000f3100000)
  from space 42496K, 100% used [0x00000000f3100000,0x00000000f5a80000,0x00000000f5a80000)
  to   space 32256K, 0% used [0x00000000f5a80000,0x00000000f5a80000,0x00000000f7a00000)
 ParOldGen       total 138752K, used 134124K [0x00000000c0000000, 0x00000000c8780000, 0x00000000eaa80000)
  object space 138752K, 96% used [0x00000000c0000000,0x00000000c82fb220,0x00000000c8780000)
 PSPermGen       total 21504K, used 6430K [0x00000000b5a00000, 0x00000000b6f00000, 0x00000000c0000000)
  object space 21504K, 29% used [0x00000000b5a00000,0x00000000b6047840,0x00000000b6f00000)
GC Heap History (10 events):
Event: 27,575 GC heap after
Heap after GC invocations=12 (full 1):
 PSYoungGen      total 115200K, used 13062K [0x00000000eaa80000, 0x00000000f6b00000, 0x0000000100000000)
  eden space 94208K, 0% used [0x00000000eaa80000,0x00000000eaa80000,0x00000000f0680000)
  from space 20992K, 62% used [0x00000000f0680000,0x00000000f1341ad8,0x00000000f1b00000)
  to   space 23040K, 0% used [0x00000000f5480000,0x00000000f5480000,0x00000000f6b00000)
 ParOldGen       total 78848K, used 41330K [0x00000000c0000000, 0x00000000c4d00000, 0x00000000eaa80000)
  object space 78848K, 52% used [0x00000000c0000000,0x00000000c285caf8,0x00000000c4d00000)
 PSPermGen       total 21504K, used 6363K [0x00000000b5a00000, 0x00000000b6f00000, 0x00000000c0000000)
  object space 21504K, 29% used [0x00000000b5a00000,0x00000000b6036fb0,0x00000000b6f00000)
}
Event: 31,108 GC heap before
{Heap before GC invocations=13 (full 1):
 PSYoungGen      total 115200K, used 107270K [0x00000000eaa80000, 0x00000000f6b00000, 0x0000000100000000)
  eden space 94208K, 100% used [0x00000000eaa80000,0x00000000f0680000,0x00000000f0680000)
  from space 20992K, 62% used [0x00000000f0680000,0x00000000f1341ad8,0x00000000f1b00000)
  to   space 23040K, 0% used [0x00000000f5480000,0x00000000f5480000,0x00000000f6b00000)
 ParOldGen       total 78848K, used 41330K [0x00000000c0000000, 0x00000000c4d00000, 0x00000000eaa80000)
  object space 78848K, 52% used [0x00000000c0000000,0x00000000c285caf8,0x00000000c4d00000)
 PSPermGen       total 21504K, used 6378K [0x00000000b5a00000, 0x00000000b6f00000, 0x00000000c0000000)
  object space 21504K, 29% used [0x00000000b5a00000,0x00000000b603aab0,0x00000000b6f00000)
Event: 31,392 GC heap after
Heap after GC invocations=13 (full 1):
 PSYoungGen      total 133632K, used 16243K [0x00000000eaa80000, 0x00000000f6480000, 0x0000000100000000)
  eden space 117248K, 0% used [0x00000000eaa80000,0x00000000eaa80000,0x00000000f1d00000)
  from space 16384K, 99% used [0x00000000f5480000,0x00000000f645cf30,0x00000000f6480000)
  to   space 24064K, 0% used [0x00000000f3580000,0x00000000f3580000,0x00000000f4d00000)
 ParOldGen       total 78848K, used 53590K [0x00000000c0000000, 0x00000000c4d00000, 0x00000000eaa80000)
  object space 78848K, 67% used [0x00000000c0000000,0x00000000c3455b18,0x00000000c4d00000)
 PSPermGen       total 21504K, used 6378K [0x00000000b5a00000, 0x00000000b6f00000, 0x00000000c0000000)
  object space 21504K, 29% used [0x00000000b5a00000,0x00000000b603aab0,0x00000000b6f00000)
}
Event: 34,814 GC heap before
{Heap before GC invocations=14 (full 1):
 PSYoungGen      total 133632K, used 133491K [0x00000000eaa80000, 0x00000000f6480000, 0x0000000100000000)
  eden space 117248K, 100% used [0x00000000eaa80000,0x00000000f1d00000,0x00000000f1d00000)
  from space 16384K, 99% used [0x00000000f5480000,0x00000000f645cf30,0x00000000f6480000)
  to   space 24064K, 0% used [0x00000000f3580000,0x00000000f3580000,0x00000000f4d00000)
 ParOldGen       total 78848K, used 53590K [0x00000000c0000000, 0x00000000c4d00000, 0x00000000eaa80000)
  object space 78848K, 67% used [0x00000000c0000000,0x00000000c3455b18,0x00000000c4d00000)
 PSPermGen       total 21504K, used 6400K [0x00000000b5a00000, 0x00000000b6f00000, 0x00000000c0000000)
  object space 21504K, 29% used [0x00000000b5a00000,0x00000000b6040250,0x00000000b6f00000)
Event: 35,061 GC heap after
Heap after GC invocations=14 (full 1):
 PSYoungGen      total 166400K, used 24051K [0x00000000eaa80000, 0x00000000f7a00000, 0x0000000100000000)
  eden space 142336K, 0% used [0x00000000eaa80000,0x00000000eaa80000,0x00000000f3580000)
  from space 24064K, 99% used [0x00000000f3580000,0x00000000f4cfcf50,0x00000000f4d00000)
  to   space 32256K, 0% used [0x00000000f5a80000,0x00000000f5a80000,0x00000000f7a00000)
 ParOldGen       total 78848K, used 64910K [0x00000000c0000000, 0x00000000c4d00000, 0x00000000eaa80000)
  object space 78848K, 82% used [0x00000000c0000000,0x00000000c3f63938,0x00000000c4d00000)
 PSPermGen       total 21504K, used 6400K [0x00000000b5a00000, 0x00000000b6f00000, 0x00000000c0000000)
  object space 21504K, 29% used [0x00000000b5a00000,0x00000000b6040250,0x00000000b6f00000)
}
Event: 35,061 GC heap before
{Heap before GC invocations=15 (full 2):
 PSYoungGen      total 166400K, used 24051K [0x00000000eaa80000, 0x00000000f7a00000, 0x0000000100000000)
  eden space 142336K, 0% used [0x00000000eaa80000,0x00000000eaa80000,0x00000000f3580000)
  from space 24064K, 99% used [0x00000000f3580000,0x00000000f4cfcf50,0x00000000f4d00000)
  to   space 32256K, 0% used [0x00000000f5a80000,0x00000000f5a80000,0x00000000f7a00000)
 ParOldGen       total 78848K, used 64910K [0x00000000c0000000, 0x00000000c4d00000, 0x00000000eaa80000)
  object space 78848K, 82% used [0x00000000c0000000,0x00000000c3f63938,0x00000000c4d00000)
 PSPermGen       total 21504K, used 6400K [0x00000000b5a00000, 0x00000000b6f00000, 0x00000000c0000000)
  object space 21504K, 29% used [0x00000000b5a00000,0x00000000b6040250,0x00000000b6f00000)
Event: 36,885 GC heap after
Heap after GC invocations=15 (full 2):
 PSYoungGen      total 166400K, used 9192K [0x00000000eaa80000, 0x00000000f7a00000, 0x0000000100000000)
  eden space 142336K, 0% used [0x00000000eaa80000,0x00000000eaa80000,0x00000000f3580000)
  from space 24064K, 38% used [0x00000000f3580000,0x00000000f3e7a1d0,0x00000000f4d00000)
  to   space 32256K, 0% used [0x00000000f5a80000,0x00000000f5a80000,0x00000000f7a00000)
 ParOldGen       total 138752K, used 78466K [0x00000000c0000000, 0x00000000c8780000, 0x00000000eaa80000)
  object space 138752K, 56% used [0x00000000c0000000,0x00000000c4ca0878,0x00000000c8780000)
 PSPermGen       total 21504K, used 6399K [0x00000000b5a00000, 0x00000000b6f00000, 0x00000000c0000000)
  object space 21504K, 29% used [0x00000000b5a00000,0x00000000b603fe50,0x00000000b6f00000)
}
Event: 44,688 GC heap before
{Heap before GC invocations=16 (full 2):
 PSYoungGen      total 166400K, used 151528K [0x00000000eaa80000, 0x00000000f7a00000, 0x0000000100000000)
  eden space 142336K, 100% used [0x00000000eaa80000,0x00000000f3580000,0x00000000f3580000)
  from space 24064K, 38% used [0x00000000f3580000,0x00000000f3e7a1d0,0x00000000f4d00000)
  to   space 32256K, 0% used [0x00000000f5a80000,0x00000000f5a80000,0x00000000f7a00000)
 ParOldGen       total 138752K, used 78466K [0x00000000c0000000, 0x00000000c8780000, 0x00000000eaa80000)
  object space 138752K, 56% used [0x00000000c0000000,0x00000000c4ca0878,0x00000000c8780000)
 PSPermGen       total 21504K, used 6418K [0x00000000b5a00000, 0x00000000b6f00000, 0x00000000c0000000)
  object space 21504K, 29% used [0x00000000b5a00000,0x00000000b6044b10,0x00000000b6f00000)
Event: 45,715 GC heap after
Heap after GC invocations=16 (full 2):
 PSYoungGen      total 169984K, used 32252K [0x00000000eaa80000, 0x00000000f9f00000, 0x0000000100000000)
  eden space 137728K, 0% used [0x00000000eaa80000,0x00000000eaa80000,0x00000000f3100000)
  from space 32256K, 99% used [0x00000000f5a80000,0x00000000f79ff108,0x00000000f7a00000)
  to   space 42496K, 0% used [0x00000000f3100000,0x00000000f3100000,0x00000000f5a80000)
 ParOldGen       total 138752K, used 90923K [0x00000000c0000000, 0x00000000c8780000, 0x00000000eaa80000)
  object space 138752K, 65% used [0x00000000c0000000,0x00000000c58cac70,0x00000000c8780000)
 PSPermGen       total 21504K, used 6418K [0x00000000b5a00000, 0x00000000b6f00000, 0x00000000c0000000)
  object space 21504K, 29% used [0x00000000b5a00000,0x00000000b6044b10,0x00000000b6f00000)
}
Event: 54,376 GC heap before
{Heap before GC invocations=17 (full 2):
 PSYoungGen      total 169984K, used 169980K [0x00000000eaa80000, 0x00000000f9f00000, 0x0000000100000000)
  eden space 137728K, 100% used [0x00000000eaa80000,0x00000000f3100000,0x00000000f3100000)
  from space 32256K, 99% used [0x00000000f5a80000,0x00000000f79ff108,0x00000000f7a00000)
  to   space 42496K, 0% used [0x00000000f3100000,0x00000000f3100000,0x00000000f5a80000)
 ParOldGen       total 138752K, used 90923K [0x00000000c0000000, 0x00000000c8780000, 0x00000000eaa80000)
  object space 138752K, 65% used [0x00000000c0000000,0x00000000c58cac70,0x00000000c8780000)
 PSPermGen       total 21504K, used 6430K [0x00000000b5a00000, 0x00000000b6f00000, 0x00000000c0000000)
  object space 21504K, 29% used [0x00000000b5a00000,0x00000000b6047840,0x00000000b6f00000)

